0 info it worked if it ends with ok
1 verbose cli [ 'c:\\Program Files\\nodejs\\\\node.exe',
1 verbose cli   'c:\\Program Files\\nodejs\\node_modules\\npm\\bin\\npm-cli.js',
1 verbose cli   'install' ]
2 info using npm@1.4.28
3 info using node@v0.10.32
4 verbose node symlink c:\Program Files\nodejs\\node.exe
5 error install Couldn't read dependencies
6 error Error: Invalid name: "vincedgy - portfolio"
6 error     at ensureValidName (c:\Program Files\nodejs\node_modules\npm\node_modules\read-package-json\node_modules\normalize-package-data\lib\fixer.js:315:15)
6 error     at Object.module.exports.fixNameField (c:\Program Files\nodejs\node_modules\npm\node_modules\read-package-json\node_modules\normalize-package-data\lib\fixer.js:204:5)
6 error     at c:\Program Files\nodejs\node_modules\npm\node_modules\read-package-json\node_modules\normalize-package-data\lib\normalize.js:30:38
6 error     at Array.forEach (native)
6 error     at normalize (c:\Program Files\nodejs\node_modules\npm\node_modules\read-package-json\node_modules\normalize-package-data\lib\normalize.js:29:15)
6 error     at final (c:\Program Files\nodejs\node_modules\npm\node_modules\read-package-json\read-json.js:342:33)
6 error     at then (c:\Program Files\nodejs\node_modules\npm\node_modules\read-package-json\read-json.js:126:33)
6 error     at c:\Program Files\nodejs\node_modules\npm\node_modules\read-package-json\read-json.js:266:40
6 error     at evalmachine.<anonymous>:271:14
6 error     at c:\Program Files\nodejs\node_modules\npm\node_modules\graceful-fs\graceful-fs.js:102:5
7 error If you need help, you may report this *entire* log,
7 error including the npm and node versions, at:
7 error     <http://github.com/npm/npm/issues>
8 error System Windows_NT 6.1.7601
9 error command "c:\\Program Files\\nodejs\\\\node.exe" "c:\\Program Files\\nodejs\\node_modules\\npm\\bin\\npm-cli.js" "install"
10 error cwd c:\Users\Vincent\DEV\openshift\portfolio
11 error node -v v0.10.32
12 error npm -v 1.4.28
13 verbose exit [ 1, true ]
